Arguments: 
  /usr/bin/node /home/eguneys/.yarn/bin/yarn.js watchtest

PATH: 
  /home/eguneys/programs/LOVE:/home/eguneys/.yarn/bin:/home/eguneys/.yarn/bin:/home/eguneys/.config/yarn/global/node_modules/.bin:/home/eguneys/programs/LOVE:/home/eguneys/.yarn/bin:/home/eguneys/.yarn/bin:/home/eguneys/.config/yarn/global/node_modules/.bin:/home/eguneys/.cargo/bin:/usr/local/sbin:/usr/local/bin:/usr/sbin:/usr/bin:/sbin:/bin:/usr/games:/usr/local/games:/mnt/c/WINDOWS/system32:/mnt/c/WINDOWS:/mnt/c/WINDOWS/System32/Wbem:/mnt/c/WINDOWS/System32/WindowsPowerShell/v1.0/:/mnt/c/WINDOWS/System32/OpenSSH/:/mnt/c/Program Files/nodejs/:/mnt/c/Program Files/TortoiseSVN/bin:/mnt/c/Program Files/PuTTY/:/mnt/c/Users/emre/.cargo/bin:/mnt/c/Users/emre/AppData/Local/Microsoft/WindowsApps:/mnt/c/Users/emre/AppData/Roaming/npm:/mnt/c/Users/emre/AppData/Local/Yarn/bin:/mnt/c/Program Files (x86)/BrowserStackLocal/:/snap/bin

Yarn version: 
  1.22.17

Node version: 
  17.5.0

Platform: 
  linux x64

Trace: 
  SyntaxError: /home/eguneys/engine/sol-expressions/packages/babel-plugin-jsx-sol-expressions/package.json: Unexpected token y in JSON at position 235
      at JSON.parse (<anonymous>)
      at /home/eguneys/.yarn/lib/cli.js:1625:59
      at Generator.next (<anonymous>)
      at step (/home/eguneys/.yarn/lib/cli.js:310:30)
      at /home/eguneys/.yarn/lib/cli.js:321:13

npm manifest: 
  {
    "name": "babel-plugin-jsx-sol-expressions",
    "version": "1.0.0",
    "main": "index.js",
    "license": "MIT",
    "scripts": {
      "build": "rollup -c",
      "test": "yarn run build && jest",
      "watch": "rollup -cw",
      "watchtest": yarn run watch && jest --watch",
      "test:coverage": "yarn run build && jest --coverage"
    },
    "dependencies": {
      "@babel/plugin-syntax-jsx": "^7.16.7"
    }
  }

yarn manifest: 
  No manifest

Lockfile: 
  # THIS IS AN AUTOGENERATED FILE. DO NOT EDIT THIS FILE DIRECTLY.
  # yarn lockfile v1
  
  
  "@babel/helper-plugin-utils@^7.16.7":
    version "7.16.7"
    resolved "https://registry.yarnpkg.com/@babel/helper-plugin-utils/-/helper-plugin-utils-7.16.7.tgz#aa3a8ab4c3cceff8e65eb9e73d87dc4ff320b2f5"
    integrity sha512-Qg3Nk7ZxpgMrsox6HreY1ZNKdBq7K72tDSliA6dCl5f007jR4ne8iD5UzuNnCJH2xBf2BEEVGr+/OL6Gdp7RxA==
  
  "@babel/plugin-syntax-jsx@^7.16.7":
    version "7.16.7"
    resolved "https://registry.yarnpkg.com/@babel/plugin-syntax-jsx/-/plugin-syntax-jsx-7.16.7.tgz#50b6571d13f764266a113d77c82b4a6508bbe665"
    integrity sha512-Esxmk7YjA8QysKeT3VhTXvF6y77f/a91SIs4pWb4H2eWGQkCKFgQaG6hdoEVZtGsrAcb2K5BW66XsOErD4WU3Q==
    dependencies:
      "@babel/helper-plugin-utils" "^7.16.7"
