Arguments: 
  /usr/bin/node /home/eguneys/.yarn/bin/yarn.js install

PATH: 
  /home/eguneys/engine/sol-expressions/node_modules/.bin:/home/eguneys/engine/node_modules/.bin:/home/eguneys/node_modules/.bin:/home/node_modules/.bin:/node_modules/.bin:/usr/lib/node_modules/npm/node_modules/@npmcli/run-script/lib/node-gyp-bin:/home/eguneys/engine/sol-expressions/node_modules/.bin:/home/eguneys/.yarn/bin:/home/eguneys/.config/yarn/global/node_modules/.bin:/home/eguneys/programs/LOVE:/home/eguneys/.yarn/bin:/home/eguneys/.yarn/bin:/home/eguneys/.config/yarn/global/node_modules/.bin:/home/eguneys/programs/LOVE:/home/eguneys/.yarn/bin:/home/eguneys/.yarn/bin:/home/eguneys/.config/yarn/global/node_modules/.bin:/home/eguneys/.cargo/bin:/usr/local/sbin:/usr/local/bin:/usr/sbin:/usr/bin:/sbin:/bin:/usr/games:/usr/local/games:/mnt/c/WINDOWS/system32:/mnt/c/WINDOWS:/mnt/c/WINDOWS/System32/Wbem:/mnt/c/WINDOWS/System32/WindowsPowerShell/v1.0/:/mnt/c/WINDOWS/System32/OpenSSH/:/mnt/c/Program Files/nodejs/:/mnt/c/Program Files/TortoiseSVN/bin:/mnt/c/Program Files/PuTTY/:/mnt/c/Users/emre/.cargo/bin:/mnt/c/Users/emre/AppData/Local/Microsoft/WindowsApps:/mnt/c/Users/emre/AppData/Roaming/npm:/mnt/c/Users/emre/AppData/Local/Yarn/bin:/mnt/c/Program Files (x86)/BrowserStackLocal/:/snap/bin

Yarn version: 
  1.22.17

Node version: 
  17.5.0

Platform: 
  linux x64

Trace: 
  Error: https://registry.yarnpkg.com/babel-plugin-jsx-sol-expressions: Not found
      at Request.params.callback [as _callback] (/home/eguneys/.yarn/lib/cli.js:67029:18)
      at Request.self.callback (/home/eguneys/.yarn/lib/cli.js:140883:22)
      at Request.emit (node:events:526:28)
      at Request.<anonymous> (/home/eguneys/.yarn/lib/cli.js:141855:10)
      at Request.emit (node:events:526:28)
      at IncomingMessage.<anonymous> (/home/eguneys/.yarn/lib/cli.js:141777:12)
      at Object.onceWrapper (node:events:645:28)
      at IncomingMessage.emit (node:events:538:35)
      at endReadableNT (node:internal/streams/readable:1342:12)
      at processTicksAndRejections (node:internal/process/task_queues:83:21)

npm manifest: 
  {
    "name": "sol-expressions",
    "version": "1.0.0",
    "main": "index.js",
    "license": "MIT",
    "scripts": {
      "watch": "jest --watch",
      "test": "jest",
      "test:coverage": "jest --coverage"
    },
    "dependencies": {
      "babel-plugin-jsx-sol-expressions": "^1.0.0",
      "babel-plugin-transform-rename-import": "^2.3.0"
    }
  }

yarn manifest: 
  No manifest

Lockfile: 
  # THIS IS AN AUTOGENERATED FILE. DO NOT EDIT THIS FILE DIRECTLY.
  # yarn lockfile v1
  
  
  babel-plugin-transform-rename-import@^2.3.0:
    version "2.3.0"
    resolved "https://registry.yarnpkg.com/babel-plugin-transform-rename-import/-/babel-plugin-transform-rename-import-2.3.0.tgz#5d9d645f937b0ca5c26a24b2510a06277b6ffd9b"
    integrity sha512-dPgJoT57XC0PqSnLgl2FwNvxFrWlspatX2dkk7yjKQj5HHGw071vAcOf+hqW8ClqcBDMvEbm6mevn5yHAD8mlQ==
